{"C:\\Users\\teh_z\\OneDrive\\Desktop\\Coding\\Project\\flo-energy\\parse-meter-readings\\tailwind.config.js": {"path":"C:\\Users\\teh_z\\OneDrive\\Desktop\\Coding\\Project\\flo-energy\\parse-meter-readings\\tailwind.config.js","all":true,"statementMap":{"0":{"start":{"line":1,"column":0},"end":{"line":1,"column":16}},"1":{"start":{"line":2,"column":0},"end":{"line":2,"column":58}},"2":{"start":{"line":3,"column":0},"end":{"line":3,"column":14}},"4":{"start":{"line":5,"column":0},"end":{"line":5,"column":10}},"5":{"start":{"line":6,"column":0},"end":{"line":6,"column":13}},"6":{"start":{"line":7,"column":0},"end":{"line":7,"column":19}},"7":{"start":{"line":8,"column":0},"end":{"line":8,"column":56}},"8":{"start":{"line":9,"column":0},"end":{"line":9,"column":8}},"9":{"start":{"line":10,"column":0},"end":{"line":10,"column":6}},"10":{"start":{"line":11,"column":0},"end":{"line":11,"column":4}},"11":{"start":{"line":12,"column":0},"end":{"line":12,"column":2}}},"s":{"0":0,"1":0,"2":0,"4":0,"5":0,"6":0,"7":0,"8":0,"9":0,"10":0,"11":0},"branchMap":{"0":{"type":"branch","line":1,"loc":{"start":{"line":1,"column":217},"end":{"line":12,"column":2}},"locations":[{"start":{"line":1,"column":217},"end":{"line":12,"column":2}}]}},"b":{"0":[0]},"fnMap":{"0":{"name":"(empty-report)","decl":{"start":{"line":1,"column":217},"end":{"line":12,"column":2}},"loc":{"start":{"line":1,"column":217},"end":{"line":12,"column":2}},"line":1}},"f":{"0":0}}
,"C:\\Users\\teh_z\\OneDrive\\Desktop\\Coding\\Project\\flo-energy\\parse-meter-readings\\src\\App.tsx": {"path":"C:\\Users\\teh_z\\OneDrive\\Desktop\\Coding\\Project\\flo-energy\\parse-meter-readings\\src\\App.tsx","all":true,"statementMap":{"0":{"start":{"line":1,"column":0},"end":{"line":1,"column":49}},"1":{"start":{"line":2,"column":0},"end":{"line":2,"column":34}},"2":{"start":{"line":3,"column":0},"end":{"line":3,"column":45}},"4":{"start":{"line":5,"column":0},"end":{"line":5,"column":16}},"5":{"start":{"line":6,"column":0},"end":{"line":6,"column":10}},"6":{"start":{"line":7,"column":0},"end":{"line":7,"column":67}},"7":{"start":{"line":8,"column":0},"end":{"line":8,"column":16}},"8":{"start":{"line":9,"column":0},"end":{"line":9,"column":45}},"9":{"start":{"line":10,"column":0},"end":{"line":10,"column":16}},"10":{"start":{"line":11,"column":0},"end":{"line":11,"column":34}},"11":{"start":{"line":12,"column":0},"end":{"line":12,"column":80}},"12":{"start":{"line":13,"column":0},"end":{"line":13,"column":13}},"13":{"start":{"line":14,"column":0},"end":{"line":14,"column":56}},"14":{"start":{"line":15,"column":0},"end":{"line":15,"column":17}},"15":{"start":{"line":16,"column":0},"end":{"line":16,"column":12}},"16":{"start":{"line":17,"column":0},"end":{"line":17,"column":10}},"18":{"start":{"line":19,"column":0},"end":{"line":19,"column":1}},"20":{"start":{"line":21,"column":0},"end":{"line":21,"column":19}}},"s":{"0":0,"1":0,"2":0,"4":0,"5":0,"6":0,"7":0,"8":0,"9":0,"10":0,"11":0,"12":0,"13":0,"14":0,"15":0,"16":0,"18":0,"20":0},"branchMap":{"0":{"type":"branch","line":1,"loc":{"start":{"line":1,"column":564},"end":{"line":21,"column":19}},"locations":[{"start":{"line":1,"column":564},"end":{"line":21,"column":19}}]}},"b":{"0":[0]},"fnMap":{"0":{"name":"(empty-report)","decl":{"start":{"line":1,"column":564},"end":{"line":21,"column":19}},"loc":{"start":{"line":1,"column":564},"end":{"line":21,"column":19}},"line":1}},"f":{"0":0}}
,"C:\\Users\\teh_z\\OneDrive\\Desktop\\Coding\\Project\\flo-energy\\parse-meter-readings\\src\\main.tsx": {"path":"C:\\Users\\teh_z\\OneDrive\\Desktop\\Coding\\Project\\flo-energy\\parse-meter-readings\\src\\main.tsx","all":true,"statementMap":{"0":{"start":{"line":1,"column":0},"end":{"line":1,"column":35}},"1":{"start":{"line":2,"column":0},"end":{"line":2,"column":46}},"2":{"start":{"line":3,"column":0},"end":{"line":3,"column":21}},"3":{"start":{"line":4,"column":0},"end":{"line":4,"column":28}},"4":{"start":{"line":5,"column":0},"end":{"line":5,"column":49}},"6":{"start":{"line":7,"column":0},"end":{"line":7,"column":52}},"7":{"start":{"line":8,"column":0},"end":{"line":8,"column":17}},"8":{"start":{"line":9,"column":0},"end":{"line":9,"column":16}},"9":{"start":{"line":10,"column":0},"end":{"line":10,"column":13}},"10":{"start":{"line":11,"column":0},"end":{"line":11,"column":17}},"11":{"start":{"line":12,"column":0},"end":{"line":12,"column":18}},"12":{"start":{"line":13,"column":0},"end":{"line":13,"column":2}}},"s":{"0":0,"1":0,"2":0,"3":0,"4":0,"6":0,"7":0,"8":0,"9":0,"10":0,"11":0,"12":0},"branchMap":{"0":{"type":"branch","line":1,"loc":{"start":{"line":1,"column":279},"end":{"line":13,"column":-220}},"locations":[{"start":{"line":1,"column":279},"end":{"line":13,"column":-220}}]}},"b":{"0":[0]},"fnMap":{"0":{"name":"(empty-report)","decl":{"start":{"line":1,"column":279},"end":{"line":13,"column":-220}},"loc":{"start":{"line":1,"column":279},"end":{"line":13,"column":-220}},"line":1}},"f":{"0":0}}
,"C:\\Users\\teh_z\\OneDrive\\Desktop\\Coding\\Project\\flo-energy\\parse-meter-readings\\src\\components\\NavBar\\index.tsx": {"path":"C:\\Users\\teh_z\\OneDrive\\Desktop\\Coding\\Project\\flo-energy\\parse-meter-readings\\src\\components\\NavBar\\index.tsx","all":false,"statementMap":{"0":{"start":{"line":1,"column":0},"end":{"line":1,"column":34}},"1":{"start":{"line":2,"column":0},"end":{"line":2,"column":43}},"2":{"start":{"line":3,"column":0},"end":{"line":3,"column":43}},"4":{"start":{"line":5,"column":0},"end":{"line":5,"column":29}},"5":{"start":{"line":6,"column":0},"end":{"line":6,"column":10}},"6":{"start":{"line":7,"column":0},"end":{"line":7,"column":87}},"7":{"start":{"line":8,"column":0},"end":{"line":8,"column":72}},"8":{"start":{"line":9,"column":0},"end":{"line":9,"column":82}},"9":{"start":{"line":10,"column":0},"end":{"line":10,"column":62}},"10":{"start":{"line":11,"column":0},"end":{"line":11,"column":20}},"11":{"start":{"line":12,"column":0},"end":{"line":12,"column":16}},"12":{"start":{"line":13,"column":0},"end":{"line":13,"column":34}},"13":{"start":{"line":14,"column":0},"end":{"line":14,"column":20}},"14":{"start":{"line":15,"column":0},"end":{"line":15,"column":30}},"15":{"start":{"line":16,"column":0},"end":{"line":16,"column":29}},"16":{"start":{"line":17,"column":0},"end":{"line":17,"column":17}},"17":{"start":{"line":18,"column":0},"end":{"line":18,"column":42}},"18":{"start":{"line":19,"column":0},"end":{"line":19,"column":56}},"19":{"start":{"line":20,"column":0},"end":{"line":20,"column":45}},"20":{"start":{"line":21,"column":0},"end":{"line":21,"column":18}},"23":{"start":{"line":24,"column":0},"end":{"line":24,"column":26}},"24":{"start":{"line":25,"column":0},"end":{"line":25,"column":22}},"25":{"start":{"line":26,"column":0},"end":{"line":26,"column":13}},"26":{"start":{"line":27,"column":0},"end":{"line":27,"column":14}},"27":{"start":{"line":28,"column":0},"end":{"line":28,"column":12}},"28":{"start":{"line":29,"column":0},"end":{"line":29,"column":13}},"30":{"start":{"line":31,"column":0},"end":{"line":31,"column":2}}},"s":{"0":1,"1":1,"2":1,"4":1,"5":2,"6":2,"7":2,"8":2,"9":2,"10":2,"11":2,"12":2,"13":4,"14":4,"15":4,"16":4,"17":4,"18":4,"19":4,"20":4,"23":4,"24":4,"25":2,"26":2,"27":2,"28":2,"30":2},"branchMap":{"0":{"type":"branch","line":5,"loc":{"start":{"line":5,"column":22},"end":{"line":31,"column":2}},"locations":[{"start":{"line":5,"column":22},"end":{"line":31,"column":2}}]},"1":{"type":"branch","line":13,"loc":{"start":{"line":13,"column":22},"end":{"line":25,"column":22}},"locations":[{"start":{"line":13,"column":22},"end":{"line":25,"column":22}}]},"2":{"type":"branch","line":18,"loc":{"start":{"line":18,"column":25},"end":{"line":21,"column":18}},"locations":[{"start":{"line":18,"column":25},"end":{"line":21,"column":18}}]},"3":{"type":"branch","line":20,"loc":{"start":{"line":20,"column":18},"end":{"line":20,"column":43}},"locations":[{"start":{"line":20,"column":18},"end":{"line":20,"column":43}}]},"4":{"type":"branch","line":20,"loc":{"start":{"line":20,"column":29},"end":{"line":20,"column":45}},"locations":[{"start":{"line":20,"column":29},"end":{"line":20,"column":45}}]}},"b":{"0":[2],"1":[4],"2":[4],"3":[2],"4":[2]},"fnMap":{"0":{"name":"NavBar","decl":{"start":{"line":5,"column":22},"end":{"line":31,"column":2}},"loc":{"start":{"line":5,"column":22},"end":{"line":31,"column":2}},"line":5},"1":{"name":"className","decl":{"start":{"line":18,"column":25},"end":{"line":21,"column":18}},"loc":{"start":{"line":18,"column":25},"end":{"line":21,"column":18}},"line":18}},"f":{"0":2,"1":4}}
,"C:\\Users\\teh_z\\OneDrive\\Desktop\\Coding\\Project\\flo-energy\\parse-meter-readings\\src\\components\\Uploader\\index.tsx": {"path":"C:\\Users\\teh_z\\OneDrive\\Desktop\\Coding\\Project\\flo-energy\\parse-meter-readings\\src\\components\\Uploader\\index.tsx","all":false,"statementMap":{"0":{"start":{"line":1,"column":0},"end":{"line":1,"column":29}},"1":{"start":{"line":2,"column":0},"end":{"line":2,"column":51}},"2":{"start":{"line":3,"column":0},"end":{"line":3,"column":60}},"10":{"start":{"line":11,"column":0},"end":{"line":11,"column":51}},"11":{"start":{"line":12,"column":0},"end":{"line":12,"column":44}},"13":{"start":{"line":14,"column":0},"end":{"line":14,"column":41}},"15":{"start":{"line":16,"column":0},"end":{"line":16,"column":72}},"16":{"start":{"line":17,"column":0},"end":{"line":17,"column":37}},"17":{"start":{"line":18,"column":0},"end":{"line":18,"column":43}},"18":{"start":{"line":19,"column":0},"end":{"line":19,"column":24}},"19":{"start":{"line":20,"column":0},"end":{"line":20,"column":22}},"20":{"start":{"line":21,"column":0},"end":{"line":21,"column":29}},"21":{"start":{"line":22,"column":0},"end":{"line":22,"column":32}},"22":{"start":{"line":23,"column":0},"end":{"line":23,"column":19}},"23":{"start":{"line":24,"column":0},"end":{"line":24,"column":32}},"24":{"start":{"line":25,"column":0},"end":{"line":25,"column":45}},"25":{"start":{"line":26,"column":0},"end":{"line":26,"column":48}},"26":{"start":{"line":27,"column":0},"end":{"line":27,"column":13}},"27":{"start":{"line":28,"column":0},"end":{"line":28,"column":10}},"28":{"start":{"line":29,"column":0},"end":{"line":29,"column":27}},"29":{"start":{"line":30,"column":0},"end":{"line":30,"column":53}},"30":{"start":{"line":31,"column":0},"end":{"line":31,"column":10}},"31":{"start":{"line":32,"column":0},"end":{"line":32,"column":9}},"32":{"start":{"line":33,"column":0},"end":{"line":33,"column":12}},"33":{"start":{"line":34,"column":0},"end":{"line":34,"column":47}},"34":{"start":{"line":35,"column":0},"end":{"line":35,"column":5}},"35":{"start":{"line":36,"column":0},"end":{"line":36,"column":83}},"36":{"start":{"line":37,"column":0},"end":{"line":37,"column":4}},"38":{"start":{"line":39,"column":0},"end":{"line":39,"column":10}},"39":{"start":{"line":40,"column":0},"end":{"line":40,"column":66}},"40":{"start":{"line":41,"column":0},"end":{"line":41,"column":12}},"41":{"start":{"line":42,"column":0},"end":{"line":42,"column":29}},"42":{"start":{"line":43,"column":0},"end":{"line":43,"column":109}},"43":{"start":{"line":44,"column":0},"end":{"line":44,"column":21}},"44":{"start":{"line":45,"column":0},"end":{"line":45,"column":75}},"45":{"start":{"line":46,"column":0},"end":{"line":46,"column":73}},"46":{"start":{"line":47,"column":0},"end":{"line":47,"column":11}},"48":{"start":{"line":49,"column":0},"end":{"line":49,"column":77}},"49":{"start":{"line":50,"column":0},"end":{"line":50,"column":64}},"50":{"start":{"line":51,"column":0},"end":{"line":51,"column":26}},"51":{"start":{"line":52,"column":0},"end":{"line":52,"column":14}},"52":{"start":{"line":53,"column":0},"end":{"line":53,"column":14}},"53":{"start":{"line":54,"column":0},"end":{"line":54,"column":39}},"54":{"start":{"line":55,"column":0},"end":{"line":55,"column":62}},"55":{"start":{"line":56,"column":0},"end":{"line":56,"column":15}},"57":{"start":{"line":58,"column":0},"end":{"line":58,"column":28}},"58":{"start":{"line":59,"column":0},"end":{"line":59,"column":58}},"59":{"start":{"line":60,"column":0},"end":{"line":60,"column":60}},"61":{"start":{"line":62,"column":0},"end":{"line":62,"column":23}},"62":{"start":{"line":63,"column":0},"end":{"line":63,"column":77}},"63":{"start":{"line":64,"column":0},"end":{"line":64,"column":20}},"65":{"start":{"line":66,"column":0},"end":{"line":66,"column":48}},"67":{"start":{"line":68,"column":0},"end":{"line":68,"column":16}},"68":{"start":{"line":69,"column":0},"end":{"line":69,"column":14}},"69":{"start":{"line":70,"column":0},"end":{"line":70,"column":14}},"70":{"start":{"line":71,"column":0},"end":{"line":71,"column":33}},"71":{"start":{"line":72,"column":0},"end":{"line":72,"column":26}},"72":{"start":{"line":73,"column":0},"end":{"line":73,"column":21}},"73":{"start":{"line":74,"column":0},"end":{"line":74,"column":23}},"74":{"start":{"line":75,"column":0},"end":{"line":75,"column":37}},"75":{"start":{"line":76,"column":0},"end":{"line":76,"column":28}},"76":{"start":{"line":77,"column":0},"end":{"line":77,"column":36}},"77":{"start":{"line":78,"column":0},"end":{"line":78,"column":10}},"78":{"start":{"line":79,"column":0},"end":{"line":79,"column":14}},"79":{"start":{"line":80,"column":0},"end":{"line":80,"column":10}},"81":{"start":{"line":82,"column":0},"end":{"line":82,"column":2}}},"s":{"0":1,"1":1,"2":1,"10":1,"11":4,"13":4,"15":4,"16":2,"17":2,"18":1,"19":1,"20":1,"21":1,"22":1,"23":1,"24":1,"25":1,"26":1,"27":1,"28":1,"29":0,"30":0,"31":1,"32":1,"33":1,"34":1,"35":2,"36":2,"38":4,"39":4,"40":4,"41":4,"42":4,"43":4,"44":3,"45":1,"46":4,"48":4,"49":4,"50":4,"51":4,"52":4,"53":4,"54":4,"55":4,"57":4,"58":3,"59":3,"61":3,"62":3,"63":3,"65":1,"67":4,"68":4,"69":4,"70":4,"71":4,"72":4,"73":4,"74":4,"75":4,"76":4,"77":4,"78":4,"79":4,"81":4},"branchMap":{"0":{"type":"branch","line":11,"loc":{"start":{"line":11,"column":24},"end":{"line":82,"column":2}},"locations":[{"start":{"line":11,"column":24},"end":{"line":82,"column":2}}]},"1":{"type":"branch","line":44,"loc":{"start":{"line":44,"column":10},"end":{"line":45,"column":75}},"locations":[{"start":{"line":44,"column":10},"end":{"line":45,"column":75}}]},"2":{"type":"branch","line":45,"loc":{"start":{"line":45,"column":14},"end":{"line":46,"column":73}},"locations":[{"start":{"line":45,"column":14},"end":{"line":46,"column":73}}]},"3":{"type":"branch","line":50,"loc":{"start":{"line":50,"column":33},"end":{"line":50,"column":60}},"locations":[{"start":{"line":50,"column":33},"end":{"line":50,"column":60}}]},"4":{"type":"branch","line":55,"loc":{"start":{"line":55,"column":15},"end":{"line":55,"column":47}},"locations":[{"start":{"line":55,"column":15},"end":{"line":55,"column":47}}]},"5":{"type":"branch","line":55,"loc":{"start":{"line":55,"column":29},"end":{"line":55,"column":62}},"locations":[{"start":{"line":55,"column":29},"end":{"line":55,"column":62}}]},"6":{"type":"branch","line":58,"loc":{"start":{"line":58,"column":13},"end":{"line":64,"column":20}},"locations":[{"start":{"line":58,"column":13},"end":{"line":64,"column":20}}]},"7":{"type":"branch","line":64,"loc":{"start":{"line":64,"column":14},"end":{"line":66,"column":48}},"locations":[{"start":{"line":64,"column":14},"end":{"line":66,"column":48}}]},"8":{"type":"branch","line":16,"loc":{"start":{"line":16,"column":27},"end":{"line":37,"column":4}},"locations":[{"start":{"line":16,"column":27},"end":{"line":37,"column":4}}]},"9":{"type":"branch","line":18,"loc":{"start":{"line":18,"column":8},"end":{"line":18,"column":42}},"locations":[{"start":{"line":18,"column":8},"end":{"line":18,"column":42}}]},"10":{"type":"branch","line":18,"loc":{"start":{"line":18,"column":42},"end":{"line":35,"column":5}},"locations":[{"start":{"line":18,"column":42},"end":{"line":35,"column":5}}]},"11":{"type":"branch","line":22,"loc":{"start":{"line":22,"column":18},"end":{"line":28,"column":10}},"locations":[{"start":{"line":22,"column":18},"end":{"line":28,"column":10}}]}},"b":{"0":[4],"1":[3],"2":[1],"3":[1],"4":[1],"5":[3],"6":[3],"7":[1],"8":[2],"9":[1],"10":[1],"11":[1]},"fnMap":{"0":{"name":"Uploader","decl":{"start":{"line":11,"column":24},"end":{"line":82,"column":2}},"loc":{"start":{"line":11,"column":24},"end":{"line":82,"column":2}},"line":11},"1":{"name":"handleFileChange","decl":{"start":{"line":16,"column":27},"end":{"line":37,"column":4}},"loc":{"start":{"line":16,"column":27},"end":{"line":37,"column":4}},"line":16},"2":{"name":"complete","decl":{"start":{"line":22,"column":18},"end":{"line":28,"column":10}},"loc":{"start":{"line":22,"column":18},"end":{"line":28,"column":10}},"line":22},"3":{"name":"error","decl":{"start":{"line":29,"column":15},"end":{"line":31,"column":10}},"loc":{"start":{"line":29,"column":15},"end":{"line":31,"column":10}},"line":29}},"f":{"0":4,"1":2,"2":1,"3":0}}
,"C:\\Users\\teh_z\\OneDrive\\Desktop\\Coding\\Project\\flo-energy\\parse-meter-readings\\src\\hooks\\index.ts": {"path":"C:\\Users\\teh_z\\OneDrive\\Desktop\\Coding\\Project\\flo-energy\\parse-meter-readings\\src\\hooks\\index.ts","all":true,"statementMap":{"0":{"start":{"line":1,"column":0},"end":{"line":1,"column":46}}},"s":{"0":0},"branchMap":{"0":{"type":"branch","line":1,"loc":{"start":{"line":1,"column":46},"end":{"line":1,"column":46}},"locations":[{"start":{"line":1,"column":46},"end":{"line":1,"column":46}}]}},"b":{"0":[0]},"fnMap":{"0":{"name":"(empty-report)","decl":{"start":{"line":1,"column":46},"end":{"line":1,"column":46}},"loc":{"start":{"line":1,"column":46},"end":{"line":1,"column":46}},"line":1}},"f":{"0":0}}
,"C:\\Users\\teh_z\\OneDrive\\Desktop\\Coding\\Project\\flo-energy\\parse-meter-readings\\src\\hooks\\useSyncState.ts": {"path":"C:\\Users\\teh_z\\OneDrive\\Desktop\\Coding\\Project\\flo-energy\\parse-meter-readings\\src\\hooks\\useSyncState.ts","all":false,"statementMap":{"0":{"start":{"line":1,"column":0},"end":{"line":1,"column":44}},"5":{"start":{"line":6,"column":0},"end":{"line":6,"column":46}},"6":{"start":{"line":7,"column":0},"end":{"line":7,"column":44}},"7":{"start":{"line":8,"column":0},"end":{"line":8,"column":44}},"8":{"start":{"line":9,"column":0},"end":{"line":9,"column":45}},"9":{"start":{"line":10,"column":0},"end":{"line":10,"column":5}},"11":{"start":{"line":12,"column":0},"end":{"line":12,"column":19}},"12":{"start":{"line":13,"column":0},"end":{"line":13,"column":53}},"13":{"start":{"line":14,"column":0},"end":{"line":14,"column":19}},"15":{"start":{"line":16,"column":0},"end":{"line":16,"column":27}},"16":{"start":{"line":17,"column":0},"end":{"line":17,"column":2}}},"s":{"0":1,"5":1,"6":4,"7":3,"8":3,"9":4,"11":4,"12":4,"13":4,"15":4,"16":4},"branchMap":{"0":{"type":"branch","line":6,"loc":{"start":{"line":6,"column":28},"end":{"line":17,"column":2}},"locations":[{"start":{"line":6,"column":28},"end":{"line":17,"column":2}}]},"1":{"type":"branch","line":7,"loc":{"start":{"line":7,"column":37},"end":{"line":10,"column":3}},"locations":[{"start":{"line":7,"column":37},"end":{"line":10,"column":3}}]},"2":{"type":"branch","line":9,"loc":{"start":{"line":9,"column":11},"end":{"line":9,"column":39}},"locations":[{"start":{"line":9,"column":11},"end":{"line":9,"column":39}}]},"3":{"type":"branch","line":9,"loc":{"start":{"line":9,"column":35},"end":{"line":9,"column":45}},"locations":[{"start":{"line":9,"column":35},"end":{"line":9,"column":45}}]},"4":{"type":"branch","line":12,"loc":{"start":{"line":12,"column":12},"end":{"line":14,"column":5}},"locations":[{"start":{"line":12,"column":12},"end":{"line":14,"column":5}}]}},"b":{"0":[4],"1":[3],"2":[1],"3":[2],"4":[4]},"fnMap":{"0":{"name":"useSyncState","decl":{"start":{"line":6,"column":28},"end":{"line":17,"column":2}},"loc":{"start":{"line":6,"column":28},"end":{"line":17,"column":2}},"line":6}},"f":{"0":4}}
,"C:\\Users\\teh_z\\OneDrive\\Desktop\\Coding\\Project\\flo-energy\\parse-meter-readings\\src\\pages\\HomePage.tsx": {"path":"C:\\Users\\teh_z\\OneDrive\\Desktop\\Coding\\Project\\flo-energy\\parse-meter-readings\\src\\pages\\HomePage.tsx","all":true,"statementMap":{"0":{"start":{"line":1,"column":0},"end":{"line":1,"column":31}},"1":{"start":{"line":2,"column":0},"end":{"line":2,"column":10}},"2":{"start":{"line":3,"column":0},"end":{"line":3,"column":53}},"3":{"start":{"line":4,"column":0},"end":{"line":4,"column":73}},"5":{"start":{"line":6,"column":0},"end":{"line":6,"column":35}},"7":{"start":{"line":8,"column":0},"end":{"line":8,"column":10}},"9":{"start":{"line":10,"column":0},"end":{"line":10,"column":36}},"11":{"start":{"line":12,"column":0},"end":{"line":12,"column":10}},"12":{"start":{"line":13,"column":0},"end":{"line":13,"column":14}},"14":{"start":{"line":15,"column":0},"end":{"line":15,"column":2}}},"s":{"0":0,"1":0,"2":0,"3":0,"5":0,"7":0,"9":0,"11":0,"12":0,"14":0},"branchMap":{"0":{"type":"branch","line":1,"loc":{"start":{"line":1,"column":417},"end":{"line":15,"column":2}},"locations":[{"start":{"line":1,"column":417},"end":{"line":15,"column":2}}]}},"b":{"0":[0]},"fnMap":{"0":{"name":"(empty-report)","decl":{"start":{"line":1,"column":417},"end":{"line":15,"column":2}},"loc":{"start":{"line":1,"column":417},"end":{"line":15,"column":2}},"line":1}},"f":{"0":0}}
,"C:\\Users\\teh_z\\OneDrive\\Desktop\\Coding\\Project\\flo-energy\\parse-meter-readings\\src\\pages\\MeterReadingSQL\\index.tsx": {"path":"C:\\Users\\teh_z\\OneDrive\\Desktop\\Coding\\Project\\flo-energy\\parse-meter-readings\\src\\pages\\MeterReadingSQL\\index.tsx","all":true,"statementMap":{"0":{"start":{"line":1,"column":0},"end":{"line":1,"column":75}},"1":{"start":{"line":2,"column":0},"end":{"line":2,"column":49}},"3":{"start":{"line":4,"column":0},"end":{"line":4,"column":33}},"5":{"start":{"line":6,"column":0},"end":{"line":6,"column":38}},"6":{"start":{"line":7,"column":0},"end":{"line":7,"column":21}},"7":{"start":{"line":8,"column":0},"end":{"line":8,"column":50}},"9":{"start":{"line":10,"column":0},"end":{"line":10,"column":43}},"11":{"start":{"line":12,"column":0},"end":{"line":12,"column":44}},"12":{"start":{"line":13,"column":0},"end":{"line":13,"column":47}},"13":{"start":{"line":14,"column":0},"end":{"line":14,"column":4}},"15":{"start":{"line":16,"column":0},"end":{"line":16,"column":47}},"16":{"start":{"line":17,"column":0},"end":{"line":17,"column":67}},"17":{"start":{"line":18,"column":0},"end":{"line":18,"column":4}},"19":{"start":{"line":20,"column":0},"end":{"line":20,"column":10}},"20":{"start":{"line":21,"column":0},"end":{"line":21,"column":49}},"21":{"start":{"line":22,"column":0},"end":{"line":22,"column":21}},"22":{"start":{"line":23,"column":0},"end":{"line":23,"column":62}},"23":{"start":{"line":24,"column":0},"end":{"line":24,"column":78}},"25":{"start":{"line":26,"column":0},"end":{"line":26,"column":15}},"27":{"start":{"line":28,"column":0},"end":{"line":28,"column":59}},"28":{"start":{"line":29,"column":0},"end":{"line":29,"column":14}},"30":{"start":{"line":31,"column":0},"end":{"line":31,"column":27}},"31":{"start":{"line":32,"column":0},"end":{"line":32,"column":62}},"32":{"start":{"line":33,"column":0},"end":{"line":33,"column":34}},"33":{"start":{"line":34,"column":0},"end":{"line":34,"column":23}},"34":{"start":{"line":35,"column":0},"end":{"line":35,"column":25}},"35":{"start":{"line":36,"column":0},"end":{"line":36,"column":21}},"36":{"start":{"line":37,"column":0},"end":{"line":37,"column":50}},"37":{"start":{"line":38,"column":0},"end":{"line":38,"column":14}},"38":{"start":{"line":39,"column":0},"end":{"line":39,"column":13}},"39":{"start":{"line":40,"column":0},"end":{"line":40,"column":14}},"41":{"start":{"line":42,"column":0},"end":{"line":42,"column":10}},"43":{"start":{"line":44,"column":0},"end":{"line":44,"column":2}}},"s":{"0":0,"1":0,"3":0,"5":0,"6":0,"7":0,"9":0,"11":0,"12":0,"13":0,"15":0,"16":0,"17":0,"19":0,"20":0,"21":0,"22":0,"23":0,"25":0,"27":0,"28":0,"30":0,"31":0,"32":0,"33":0,"34":0,"35":0,"36":0,"37":0,"38":0,"39":0,"41":0,"43":0},"branchMap":{"0":{"type":"branch","line":1,"loc":{"start":{"line":1,"column":1303},"end":{"line":44,"column":2}},"locations":[{"start":{"line":1,"column":1303},"end":{"line":44,"column":2}}]}},"b":{"0":[0]},"fnMap":{"0":{"name":"(empty-report)","decl":{"start":{"line":1,"column":1303},"end":{"line":44,"column":2}},"loc":{"start":{"line":1,"column":1303},"end":{"line":44,"column":2}},"line":1}},"f":{"0":0}}
,"C:\\Users\\teh_z\\OneDrive\\Desktop\\Coding\\Project\\flo-energy\\parse-meter-readings\\src\\pages\\MeterReadingSQL\\components\\FileViewer\\Row.tsx": {"path":"C:\\Users\\teh_z\\OneDrive\\Desktop\\Coding\\Project\\flo-energy\\parse-meter-readings\\src\\pages\\MeterReadingSQL\\components\\FileViewer\\Row.tsx","all":false,"statementMap":{"0":{"start":{"line":1,"column":0},"end":{"line":1,"column":62}},"1":{"start":{"line":2,"column":0},"end":{"line":2,"column":52}},"2":{"start":{"line":3,"column":0},"end":{"line":3,"column":37}},"3":{"start":{"line":4,"column":0},"end":{"line":4,"column":56}},"5":{"start":{"line":6,"column":0},"end":{"line":6,"column":21}},"6":{"start":{"line":7,"column":0},"end":{"line":7,"column":24}},"7":{"start":{"line":8,"column":0},"end":{"line":8,"column":23}},"8":{"start":{"line":9,"column":0},"end":{"line":9,"column":21}},"9":{"start":{"line":10,"column":0},"end":{"line":10,"column":16}},"10":{"start":{"line":11,"column":0},"end":{"line":11,"column":23}},"11":{"start":{"line":12,"column":0},"end":{"line":12,"column":21}},"12":{"start":{"line":13,"column":0},"end":{"line":13,"column":4}},"13":{"start":{"line":14,"column":0},"end":{"line":14,"column":26}},"14":{"start":{"line":15,"column":0},"end":{"line":15,"column":23}},"15":{"start":{"line":16,"column":0},"end":{"line":16,"column":10}},"16":{"start":{"line":17,"column":0},"end":{"line":17,"column":24}},"17":{"start":{"line":18,"column":0},"end":{"line":18,"column":18}},"18":{"start":{"line":19,"column":0},"end":{"line":19,"column":17}},"19":{"start":{"line":20,"column":0},"end":{"line":20,"column":33}},"20":{"start":{"line":21,"column":0},"end":{"line":21,"column":26}},"21":{"start":{"line":22,"column":0},"end":{"line":22,"column":10}},"22":{"start":{"line":23,"column":0},"end":{"line":23,"column":22}},"23":{"start":{"line":24,"column":0},"end":{"line":24,"column":31}},"24":{"start":{"line":25,"column":0},"end":{"line":25,"column":4}},"25":{"start":{"line":26,"column":0},"end":{"line":26,"column":31}},"26":{"start":{"line":27,"column":0},"end":{"line":27,"column":23}},"27":{"start":{"line":28,"column":0},"end":{"line":28,"column":20}},"28":{"start":{"line":29,"column":0},"end":{"line":29,"column":21}},"29":{"start":{"line":30,"column":0},"end":{"line":30,"column":21}},"30":{"start":{"line":31,"column":0},"end":{"line":31,"column":18}},"33":{"start":{"line":34,"column":0},"end":{"line":34,"column":23}},"34":{"start":{"line":35,"column":0},"end":{"line":35,"column":27}},"35":{"start":{"line":36,"column":0},"end":{"line":36,"column":4}},"36":{"start":{"line":37,"column":0},"end":{"line":37,"column":32}},"37":{"start":{"line":38,"column":0},"end":{"line":38,"column":23}},"38":{"start":{"line":39,"column":0},"end":{"line":39,"column":21}},"39":{"start":{"line":40,"column":0},"end":{"line":40,"column":19}},"40":{"start":{"line":41,"column":0},"end":{"line":41,"column":21}},"41":{"start":{"line":42,"column":0},"end":{"line":42,"column":18}},"43":{"start":{"line":44,"column":0},"end":{"line":44,"column":4}},"44":{"start":{"line":45,"column":0},"end":{"line":45,"column":36}},"45":{"start":{"line":46,"column":0},"end":{"line":46,"column":23}},"46":{"start":{"line":47,"column":0},"end":{"line":47,"column":23}},"47":{"start":{"line":48,"column":0},"end":{"line":48,"column":27}},"48":{"start":{"line":49,"column":0},"end":{"line":49,"column":21}},"49":{"start":{"line":50,"column":0},"end":{"line":50,"column":17}},"50":{"start":{"line":51,"column":0},"end":{"line":51,"column":4}},"51":{"start":{"line":52,"column":0},"end":{"line":52,"column":41}},"52":{"start":{"line":53,"column":0},"end":{"line":53,"column":11}},"54":{"start":{"line":55,"column":0},"end":{"line":55,"column":52}},"55":{"start":{"line":56,"column":0},"end":{"line":56,"column":21}},"56":{"start":{"line":57,"column":0},"end":{"line":57,"column":18}},"57":{"start":{"line":58,"column":0},"end":{"line":58,"column":39}},"58":{"start":{"line":59,"column":0},"end":{"line":59,"column":46}},"59":{"start":{"line":60,"column":0},"end":{"line":60,"column":27}},"60":{"start":{"line":61,"column":0},"end":{"line":61,"column":5}},"61":{"start":{"line":62,"column":0},"end":{"line":62,"column":19}},"62":{"start":{"line":63,"column":0},"end":{"line":63,"column":16}},"65":{"start":{"line":66,"column":0},"end":{"line":66,"column":21}},"66":{"start":{"line":67,"column":0},"end":{"line":67,"column":25}},"67":{"start":{"line":68,"column":0},"end":{"line":68,"column":2}},"69":{"start":{"line":70,"column":0},"end":{"line":70,"column":62}},"70":{"start":{"line":71,"column":0},"end":{"line":71,"column":69}},"73":{"start":{"line":74,"column":0},"end":{"line":74,"column":26}},"74":{"start":{"line":75,"column":0},"end":{"line":75,"column":10}},"75":{"start":{"line":76,"column":0},"end":{"line":76,"column":8}},"76":{"start":{"line":77,"column":0},"end":{"line":77,"column":7}},"77":{"start":{"line":78,"column":0},"end":{"line":78,"column":4}},"81":{"start":{"line":82,"column":0},"end":{"line":82,"column":7}},"82":{"start":{"line":83,"column":0},"end":{"line":83,"column":76}},"84":{"start":{"line":85,"column":0},"end":{"line":85,"column":21}},"85":{"start":{"line":86,"column":0},"end":{"line":86,"column":43}},"86":{"start":{"line":87,"column":0},"end":{"line":87,"column":15}},"87":{"start":{"line":88,"column":0},"end":{"line":88,"column":37}},"90":{"start":{"line":91,"column":0},"end":{"line":91,"column":50}},"91":{"start":{"line":92,"column":0},"end":{"line":92,"column":54}},"93":{"start":{"line":94,"column":0},"end":{"line":94,"column":10}},"94":{"start":{"line":95,"column":0},"end":{"line":95,"column":6}},"95":{"start":{"line":96,"column":0},"end":{"line":96,"column":22}},"96":{"start":{"line":97,"column":0},"end":{"line":97,"column":11}},"97":{"start":{"line":98,"column":0},"end":{"line":98,"column":33}},"98":{"start":{"line":99,"column":0},"end":{"line":99,"column":43}},"99":{"start":{"line":100,"column":0},"end":{"line":100,"column":40}},"101":{"start":{"line":102,"column":0},"end":{"line":102,"column":66}},"102":{"start":{"line":103,"column":0},"end":{"line":103,"column":71}},"103":{"start":{"line":104,"column":0},"end":{"line":104,"column":65}},"104":{"start":{"line":105,"column":0},"end":{"line":105,"column":16}},"105":{"start":{"line":106,"column":0},"end":{"line":106,"column":79}},"106":{"start":{"line":107,"column":0},"end":{"line":107,"column":65}},"107":{"start":{"line":108,"column":0},"end":{"line":108,"column":17}},"108":{"start":{"line":109,"column":0},"end":{"line":109,"column":13}},"110":{"start":{"line":111,"column":0},"end":{"line":111,"column":51}},"111":{"start":{"line":112,"column":0},"end":{"line":112,"column":47}},"112":{"start":{"line":113,"column":0},"end":{"line":113,"column":51}},"113":{"start":{"line":114,"column":0},"end":{"line":114,"column":11}},"114":{"start":{"line":115,"column":0},"end":{"line":115,"column":11}},"115":{"start":{"line":116,"column":0},"end":{"line":116,"column":7}},"117":{"start":{"line":118,"column":0},"end":{"line":118,"column":2}}},"s":{"0":1,"1":1,"2":1,"3":1,"5":1,"6":1,"7":1,"8":1,"9":1,"10":1,"11":1,"12":1,"13":1,"14":1,"15":1,"16":1,"17":1,"18":1,"19":1,"20":1,"21":1,"22":1,"23":1,"24":1,"25":1,"26":1,"27":1,"28":1,"29":1,"30":1,"33":1,"34":1,"35":1,"36":1,"37":1,"38":1,"39":1,"40":1,"41":1,"43":1,"44":1,"45":1,"46":1,"47":1,"48":1,"49":1,"50":1,"51":1,"52":1,"54":1,"55":1,"56":1,"57":1,"58":48,"59":47,"60":1,"61":1,"62":1,"65":1,"66":1,"67":1,"69":1,"70":142,"73":1,"74":6,"75":6,"76":6,"77":6,"81":6,"82":6,"84":6,"85":6,"86":1,"87":5,"90":6,"91":6,"93":6,"94":6,"95":6,"96":5,"97":5,"98":5,"99":5,"101":5,"102":1,"103":54,"104":1,"105":4,"106":15,"107":4,"108":5,"110":6,"111":6,"112":73,"113":6,"114":6,"115":6,"117":6},"branchMap":{"0":{"type":"branch","line":55,"loc":{"start":{"line":55,"column":31},"end":{"line":68,"column":2}},"locations":[{"start":{"line":55,"column":31},"end":{"line":68,"column":2}}]},"1":{"type":"branch","line":58,"loc":{"start":{"line":58,"column":28},"end":{"line":61,"column":3}},"locations":[{"start":{"line":58,"column":28},"end":{"line":61,"column":3}}]},"2":{"type":"branch","line":59,"loc":{"start":{"line":59,"column":12},"end":{"line":59,"column":46}},"locations":[{"start":{"line":59,"column":12},"end":{"line":59,"column":46}}]},"3":{"type":"branch","line":59,"loc":{"start":{"line":59,"column":43},"end":{"line":60,"column":27}},"locations":[{"start":{"line":59,"column":43},"end":{"line":60,"column":27}}]},"4":{"type":"branch","line":70,"loc":{"start":{"line":70,"column":17},"end":{"line":71,"column":69}},"locations":[{"start":{"line":70,"column":17},"end":{"line":71,"column":69}}]},"5":{"type":"branch","line":71,"loc":{"start":{"line":71,"column":52},"end":{"line":71,"column":64}},"locations":[{"start":{"line":71,"column":52},"end":{"line":71,"column":64}}]},"6":{"type":"branch","line":74,"loc":{"start":{"line":74,"column":24},"end":{"line":118,"column":2}},"locations":[{"start":{"line":74,"column":24},"end":{"line":118,"column":2}}]},"7":{"type":"branch","line":83,"loc":{"start":{"line":83,"column":31},"end":{"line":83,"column":76}},"locations":[{"start":{"line":83,"column":31},"end":{"line":83,"column":76}}]},"8":{"type":"branch","line":86,"loc":{"start":{"line":86,"column":30},"end":{"line":87,"column":15}},"locations":[{"start":{"line":86,"column":30},"end":{"line":87,"column":15}}]},"9":{"type":"branch","line":87,"loc":{"start":{"line":87,"column":8},"end":{"line":88,"column":37}},"locations":[{"start":{"line":87,"column":8},"end":{"line":88,"column":37}}]},"10":{"type":"branch","line":92,"loc":{"start":{"line":92,"column":38},"end":{"line":92,"column":54}},"locations":[{"start":{"line":92,"column":38},"end":{"line":92,"column":54}}]},"11":{"type":"branch","line":96,"loc":{"start":{"line":96,"column":7},"end":{"line":109,"column":13}},"locations":[{"start":{"line":96,"column":7},"end":{"line":109,"column":13}}]},"12":{"type":"branch","line":102,"loc":{"start":{"line":102,"column":53},"end":{"line":105,"column":16}},"locations":[{"start":{"line":102,"column":53},"end":{"line":105,"column":16}}]},"13":{"type":"branch","line":105,"loc":{"start":{"line":105,"column":15},"end":{"line":108,"column":17}},"locations":[{"start":{"line":105,"column":15},"end":{"line":108,"column":17}}]},"14":{"type":"branch","line":106,"loc":{"start":{"line":106,"column":50},"end":{"line":106,"column":57}},"locations":[{"start":{"line":106,"column":50},"end":{"line":106,"column":57}}]},"15":{"type":"branch","line":103,"loc":{"start":{"line":103,"column":49},"end":{"line":105,"column":15}},"locations":[{"start":{"line":103,"column":49},"end":{"line":105,"column":15}}]},"16":{"type":"branch","line":106,"loc":{"start":{"line":106,"column":57},"end":{"line":108,"column":15}},"locations":[{"start":{"line":106,"column":57},"end":{"line":108,"column":15}}]},"17":{"type":"branch","line":112,"loc":{"start":{"line":112,"column":25},"end":{"line":113,"column":51}},"locations":[{"start":{"line":112,"column":25},"end":{"line":113,"column":51}}]}},"b":{"0":[1],"1":[48],"2":[1],"3":[47],"4":[142],"5":[0],"6":[6],"7":[2],"8":[1],"9":[5],"10":[0],"11":[5],"12":[1],"13":[4],"14":[2],"15":[54],"16":[15],"17":[73]},"fnMap":{"0":{"name":"getIntervalDataHeaders","decl":{"start":{"line":55,"column":31},"end":{"line":68,"column":2}},"loc":{"start":{"line":55,"column":31},"end":{"line":68,"column":2}},"line":55},"1":{"name":"CustomTD","decl":{"start":{"line":70,"column":17},"end":{"line":71,"column":69}},"loc":{"start":{"line":70,"column":17},"end":{"line":71,"column":69}},"line":70},"2":{"name":"TableRow","decl":{"start":{"line":74,"column":24},"end":{"line":118,"column":2}},"loc":{"start":{"line":74,"column":24},"end":{"line":118,"column":2}},"line":74}},"f":{"0":1,"1":142,"2":6}}
,"C:\\Users\\teh_z\\OneDrive\\Desktop\\Coding\\Project\\flo-energy\\parse-meter-readings\\src\\pages\\MeterReadingSQL\\components\\FileViewer\\SummaryView.tsx": {"path":"C:\\Users\\teh_z\\OneDrive\\Desktop\\Coding\\Project\\flo-energy\\parse-meter-readings\\src\\pages\\MeterReadingSQL\\components\\FileViewer\\SummaryView.tsx","all":false,"statementMap":{"0":{"start":{"line":1,"column":0},"end":{"line":1,"column":52}},"1":{"start":{"line":2,"column":0},"end":{"line":2,"column":46}},"3":{"start":{"line":4,"column":0},"end":{"line":4,"column":22}},"4":{"start":{"line":5,"column":0},"end":{"line":5,"column":22}},"5":{"start":{"line":6,"column":0},"end":{"line":6,"column":37}},"7":{"start":{"line":8,"column":0},"end":{"line":8,"column":27}},"8":{"start":{"line":9,"column":0},"end":{"line":9,"column":27}},"10":{"start":{"line":11,"column":0},"end":{"line":11,"column":28}},"11":{"start":{"line":12,"column":0},"end":{"line":12,"column":26}},"12":{"start":{"line":13,"column":0},"end":{"line":13,"column":47}},"13":{"start":{"line":14,"column":0},"end":{"line":14,"column":5}},"15":{"start":{"line":16,"column":0},"end":{"line":16,"column":42}},"16":{"start":{"line":17,"column":0},"end":{"line":17,"column":44}},"17":{"start":{"line":18,"column":0},"end":{"line":18,"column":43}},"19":{"start":{"line":20,"column":0},"end":{"line":20,"column":43}},"21":{"start":{"line":22,"column":0},"end":{"line":22,"column":40}},"22":{"start":{"line":23,"column":0},"end":{"line":23,"column":33}},"23":{"start":{"line":24,"column":0},"end":{"line":24,"column":57}},"24":{"start":{"line":25,"column":0},"end":{"line":25,"column":39}},"25":{"start":{"line":26,"column":0},"end":{"line":26,"column":55}},"26":{"start":{"line":27,"column":0},"end":{"line":27,"column":16}},"27":{"start":{"line":28,"column":0},"end":{"line":28,"column":59}},"28":{"start":{"line":29,"column":0},"end":{"line":29,"column":9}},"29":{"start":{"line":30,"column":0},"end":{"line":30,"column":7}},"30":{"start":{"line":31,"column":0},"end":{"line":31,"column":5}},"31":{"start":{"line":32,"column":0},"end":{"line":32,"column":3}},"33":{"start":{"line":34,"column":0},"end":{"line":34,"column":42}},"35":{"start":{"line":36,"column":0},"end":{"line":36,"column":40}},"36":{"start":{"line":37,"column":0},"end":{"line":37,"column":39}},"37":{"start":{"line":38,"column":0},"end":{"line":38,"column":69}},"38":{"start":{"line":39,"column":0},"end":{"line":39,"column":52}},"39":{"start":{"line":40,"column":0},"end":{"line":40,"column":3}},"41":{"start":{"line":42,"column":0},"end":{"line":42,"column":26}},"42":{"start":{"line":43,"column":0},"end":{"line":43,"column":2}},"44":{"start":{"line":45,"column":0},"end":{"line":45,"column":61}},"45":{"start":{"line":46,"column":0},"end":{"line":46,"column":25}},"46":{"start":{"line":47,"column":0},"end":{"line":47,"column":49}},"48":{"start":{"line":49,"column":0},"end":{"line":49,"column":10}},"49":{"start":{"line":50,"column":0},"end":{"line":50,"column":36}},"50":{"start":{"line":51,"column":0},"end":{"line":51,"column":78}},"51":{"start":{"line":52,"column":0},"end":{"line":52,"column":15}},"52":{"start":{"line":53,"column":0},"end":{"line":53,"column":38}},"53":{"start":{"line":54,"column":0},"end":{"line":54,"column":73}},"54":{"start":{"line":55,"column":0},"end":{"line":55,"column":74}},"55":{"start":{"line":56,"column":0},"end":{"line":56,"column":66}},"57":{"start":{"line":58,"column":0},"end":{"line":58,"column":17}},"58":{"start":{"line":59,"column":0},"end":{"line":59,"column":15}},"59":{"start":{"line":60,"column":0},"end":{"line":60,"column":16}},"60":{"start":{"line":61,"column":0},"end":{"line":61,"column":15}},"61":{"start":{"line":62,"column":0},"end":{"line":62,"column":47}},"62":{"start":{"line":63,"column":0},"end":{"line":63,"column":31}},"63":{"start":{"line":64,"column":0},"end":{"line":64,"column":70}},"64":{"start":{"line":65,"column":0},"end":{"line":65,"column":70}},"65":{"start":{"line":66,"column":0},"end":{"line":66,"column":68}},"66":{"start":{"line":67,"column":0},"end":{"line":67,"column":24}},"67":{"start":{"line":68,"column":0},"end":{"line":68,"column":19}},"68":{"start":{"line":69,"column":0},"end":{"line":69,"column":17}},"69":{"start":{"line":70,"column":0},"end":{"line":70,"column":13}},"70":{"start":{"line":71,"column":0},"end":{"line":71,"column":16}},"71":{"start":{"line":72,"column":0},"end":{"line":72,"column":14}},"72":{"start":{"line":73,"column":0},"end":{"line":73,"column":10}},"74":{"start":{"line":75,"column":0},"end":{"line":75,"column":2}}},"s":{"0":1,"1":8,"3":8,"4":8,"5":8,"7":8,"8":15,"10":15,"11":4,"12":4,"13":4,"15":15,"16":3,"17":3,"19":3,"21":3,"22":144,"23":144,"24":144,"25":3,"26":144,"27":4,"28":4,"29":144,"30":3,"31":15,"33":8,"35":8,"36":3,"37":3,"38":3,"39":3,"41":8,"42":8,"44":1,"45":8,"46":8,"48":8,"49":8,"50":8,"51":8,"52":8,"53":8,"54":8,"55":8,"57":8,"58":8,"59":8,"60":8,"61":8,"62":3,"63":3,"64":3,"65":3,"66":3,"67":3,"68":3,"69":8,"70":8,"71":8,"72":8,"74":8},"branchMap":{"0":{"type":"branch","line":1,"loc":{"start":{"line":1,"column":29},"end":{"line":43,"column":2}},"locations":[{"start":{"line":1,"column":29},"end":{"line":43,"column":2}}]},"1":{"type":"branch","line":8,"loc":{"start":{"line":8,"column":26},"end":{"line":32,"column":3}},"locations":[{"start":{"line":8,"column":26},"end":{"line":32,"column":3}}]},"2":{"type":"branch","line":11,"loc":{"start":{"line":11,"column":27},"end":{"line":14,"column":5}},"locations":[{"start":{"line":11,"column":27},"end":{"line":14,"column":5}}]},"3":{"type":"branch","line":16,"loc":{"start":{"line":16,"column":20},"end":{"line":16,"column":41}},"locations":[{"start":{"line":16,"column":20},"end":{"line":16,"column":41}}]},"4":{"type":"branch","line":16,"loc":{"start":{"line":16,"column":41},"end":{"line":31,"column":5}},"locations":[{"start":{"line":16,"column":41},"end":{"line":31,"column":5}}]},"5":{"type":"branch","line":22,"loc":{"start":{"line":22,"column":39},"end":{"line":30,"column":7}},"locations":[{"start":{"line":22,"column":39},"end":{"line":30,"column":7}}]},"6":{"type":"branch","line":24,"loc":{"start":{"line":24,"column":13},"end":{"line":24,"column":48}},"locations":[{"start":{"line":24,"column":13},"end":{"line":24,"column":48}}]},"7":{"type":"branch","line":24,"loc":{"start":{"line":24,"column":48},"end":{"line":24,"column":57}},"locations":[{"start":{"line":24,"column":48},"end":{"line":24,"column":57}}]},"8":{"type":"branch","line":24,"loc":{"start":{"line":24,"column":48},"end":{"line":25,"column":38}},"locations":[{"start":{"line":24,"column":48},"end":{"line":25,"column":38}}]},"9":{"type":"branch","line":25,"loc":{"start":{"line":25,"column":38},"end":{"line":27,"column":15}},"locations":[{"start":{"line":25,"column":38},"end":{"line":27,"column":15}}]},"10":{"type":"branch","line":27,"loc":{"start":{"line":27,"column":8},"end":{"line":29,"column":9}},"locations":[{"start":{"line":27,"column":8},"end":{"line":29,"column":9}}]},"11":{"type":"branch","line":36,"loc":{"start":{"line":36,"column":39},"end":{"line":40,"column":3}},"locations":[{"start":{"line":36,"column":39},"end":{"line":40,"column":3}}]},"12":{"type":"branch","line":38,"loc":{"start":{"line":38,"column":38},"end":{"line":38,"column":55}},"locations":[{"start":{"line":38,"column":38},"end":{"line":38,"column":55}}]},"13":{"type":"branch","line":45,"loc":{"start":{"line":45,"column":27},"end":{"line":75,"column":2}},"locations":[{"start":{"line":45,"column":27},"end":{"line":75,"column":2}}]},"14":{"type":"branch","line":62,"loc":{"start":{"line":62,"column":27},"end":{"line":69,"column":17}},"locations":[{"start":{"line":62,"column":27},"end":{"line":69,"column":17}}]}},"b":{"0":[8],"1":[15],"2":[4],"3":[3],"4":[3],"5":[144],"6":[9],"7":[137],"8":[7],"9":[3],"10":[4],"11":[3],"12":[7],"13":[8],"14":[3]},"fnMap":{"0":{"name":"constructSummaryData","decl":{"start":{"line":1,"column":29},"end":{"line":43,"column":2}},"loc":{"start":{"line":1,"column":29},"end":{"line":43,"column":2}},"line":1},"1":{"name":"SummaryView","decl":{"start":{"line":45,"column":27},"end":{"line":75,"column":2}},"loc":{"start":{"line":45,"column":27},"end":{"line":75,"column":2}},"line":45}},"f":{"0":8,"1":8}}
,"C:\\Users\\teh_z\\OneDrive\\Desktop\\Coding\\Project\\flo-energy\\parse-meter-readings\\src\\pages\\MeterReadingSQL\\components\\FileViewer\\Title.tsx": {"path":"C:\\Users\\teh_z\\OneDrive\\Desktop\\Coding\\Project\\flo-energy\\parse-meter-readings\\src\\pages\\MeterReadingSQL\\components\\FileViewer\\Title.tsx","all":false,"statementMap":{"6":{"start":{"line":7,"column":0},"end":{"line":7,"column":45}},"7":{"start":{"line":8,"column":0},"end":{"line":8,"column":10}},"8":{"start":{"line":9,"column":0},"end":{"line":9,"column":68}},"9":{"start":{"line":10,"column":0},"end":{"line":10,"column":22}},"10":{"start":{"line":11,"column":0},"end":{"line":11,"column":84}},"11":{"start":{"line":12,"column":0},"end":{"line":12,"column":82}},"12":{"start":{"line":13,"column":0},"end":{"line":13,"column":16}},"13":{"start":{"line":14,"column":0},"end":{"line":14,"column":27}},"14":{"start":{"line":15,"column":0},"end":{"line":15,"column":36}},"15":{"start":{"line":16,"column":0},"end":{"line":16,"column":39}},"16":{"start":{"line":17,"column":0},"end":{"line":17,"column":68}},"17":{"start":{"line":18,"column":0},"end":{"line":18,"column":12}},"18":{"start":{"line":19,"column":0},"end":{"line":19,"column":14}},"19":{"start":{"line":20,"column":0},"end":{"line":20,"column":62}},"33":{"start":{"line":34,"column":0},"end":{"line":34,"column":17}},"34":{"start":{"line":35,"column":0},"end":{"line":35,"column":62}},"36":{"start":{"line":37,"column":0},"end":{"line":37,"column":17}},"37":{"start":{"line":38,"column":0},"end":{"line":38,"column":16}},"39":{"start":{"line":40,"column":0},"end":{"line":40,"column":80}},"40":{"start":{"line":41,"column":0},"end":{"line":41,"column":12}},"41":{"start":{"line":42,"column":0},"end":{"line":42,"column":9}},"43":{"start":{"line":44,"column":0},"end":{"line":44,"column":2}}},"s":{"6":1,"7":6,"8":6,"9":6,"10":6,"11":6,"12":6,"13":6,"14":6,"15":6,"16":6,"17":6,"18":6,"19":6,"33":6,"34":6,"36":6,"37":6,"39":6,"40":6,"41":6,"43":6},"branchMap":{"0":{"type":"branch","line":7,"loc":{"start":{"line":7,"column":21},"end":{"line":44,"column":2}},"locations":[{"start":{"line":7,"column":21},"end":{"line":44,"column":2}}]},"1":{"type":"branch","line":17,"loc":{"start":{"line":17,"column":22},"end":{"line":17,"column":68}},"locations":[{"start":{"line":17,"column":22},"end":{"line":17,"column":68}}]}},"b":{"0":[6],"1":[1]},"fnMap":{"0":{"name":"Title","decl":{"start":{"line":7,"column":21},"end":{"line":44,"column":2}},"loc":{"start":{"line":7,"column":21},"end":{"line":44,"column":2}},"line":7},"1":{"name":"onChange","decl":{"start":{"line":17,"column":22},"end":{"line":17,"column":68}},"loc":{"start":{"line":17,"column":22},"end":{"line":17,"column":68}},"line":17}},"f":{"0":6,"1":1}}
,"C:\\Users\\teh_z\\OneDrive\\Desktop\\Coding\\Project\\flo-energy\\parse-meter-readings\\src\\pages\\MeterReadingSQL\\components\\FileViewer\\index.tsx": {"path":"C:\\Users\\teh_z\\OneDrive\\Desktop\\Coding\\Project\\flo-energy\\parse-meter-readings\\src\\pages\\MeterReadingSQL\\components\\FileViewer\\index.tsx","all":false,"statementMap":{"0":{"start":{"line":1,"column":0},"end":{"line":1,"column":60}},"1":{"start":{"line":2,"column":0},"end":{"line":2,"column":49}},"2":{"start":{"line":3,"column":0},"end":{"line":3,"column":33}},"3":{"start":{"line":4,"column":0},"end":{"line":4,"column":47}},"4":{"start":{"line":5,"column":0},"end":{"line":5,"column":39}},"5":{"start":{"line":6,"column":0},"end":{"line":6,"column":32}},"6":{"start":{"line":7,"column":0},"end":{"line":7,"column":33}},"7":{"start":{"line":8,"column":0},"end":{"line":8,"column":44}},"8":{"start":{"line":9,"column":0},"end":{"line":9,"column":60}},"15":{"start":{"line":16,"column":0},"end":{"line":16,"column":54}},"16":{"start":{"line":17,"column":0},"end":{"line":17,"column":35}},"17":{"start":{"line":18,"column":0},"end":{"line":18,"column":44}},"18":{"start":{"line":19,"column":0},"end":{"line":19,"column":68}},"19":{"start":{"line":20,"column":0},"end":{"line":20,"column":56}},"21":{"start":{"line":22,"column":0},"end":{"line":22,"column":53}},"22":{"start":{"line":23,"column":0},"end":{"line":23,"column":34}},"23":{"start":{"line":24,"column":0},"end":{"line":24,"column":59}},"24":{"start":{"line":25,"column":0},"end":{"line":25,"column":47}},"26":{"start":{"line":27,"column":0},"end":{"line":27,"column":47}},"27":{"start":{"line":28,"column":0},"end":{"line":28,"column":12}},"28":{"start":{"line":29,"column":0},"end":{"line":29,"column":36}},"29":{"start":{"line":30,"column":0},"end":{"line":30,"column":30}},"30":{"start":{"line":31,"column":0},"end":{"line":31,"column":16}},"31":{"start":{"line":32,"column":0},"end":{"line":32,"column":31}},"32":{"start":{"line":33,"column":0},"end":{"line":33,"column":37}},"33":{"start":{"line":34,"column":0},"end":{"line":34,"column":43}},"34":{"start":{"line":35,"column":0},"end":{"line":35,"column":12}},"35":{"start":{"line":36,"column":0},"end":{"line":36,"column":17}},"36":{"start":{"line":37,"column":0},"end":{"line":37,"column":39}},"37":{"start":{"line":38,"column":0},"end":{"line":38,"column":174}},"38":{"start":{"line":39,"column":0},"end":{"line":39,"column":30}},"39":{"start":{"line":40,"column":0},"end":{"line":40,"column":53}},"40":{"start":{"line":41,"column":0},"end":{"line":41,"column":54}},"42":{"start":{"line":43,"column":0},"end":{"line":43,"column":43}},"43":{"start":{"line":44,"column":0},"end":{"line":44,"column":19}},"44":{"start":{"line":45,"column":0},"end":{"line":45,"column":14}},"45":{"start":{"line":46,"column":0},"end":{"line":46,"column":24}},"46":{"start":{"line":47,"column":0},"end":{"line":47,"column":52}},"47":{"start":{"line":48,"column":0},"end":{"line":48,"column":18}},"48":{"start":{"line":49,"column":0},"end":{"line":49,"column":42}},"49":{"start":{"line":50,"column":0},"end":{"line":50,"column":94}},"51":{"start":{"line":52,"column":0},"end":{"line":52,"column":21}},"52":{"start":{"line":53,"column":0},"end":{"line":53,"column":54}},"53":{"start":{"line":54,"column":0},"end":{"line":54,"column":27}},"54":{"start":{"line":55,"column":0},"end":{"line":55,"column":34}},"55":{"start":{"line":56,"column":0},"end":{"line":56,"column":33}},"56":{"start":{"line":57,"column":0},"end":{"line":57,"column":36}},"57":{"start":{"line":58,"column":0},"end":{"line":58,"column":39}},"58":{"start":{"line":59,"column":0},"end":{"line":59,"column":43}},"59":{"start":{"line":60,"column":0},"end":{"line":60,"column":20}},"60":{"start":{"line":61,"column":0},"end":{"line":61,"column":19}},"61":{"start":{"line":62,"column":0},"end":{"line":62,"column":22}},"62":{"start":{"line":63,"column":0},"end":{"line":63,"column":20}},"63":{"start":{"line":64,"column":0},"end":{"line":64,"column":16}},"65":{"start":{"line":66,"column":0},"end":{"line":66,"column":72}},"67":{"start":{"line":68,"column":0},"end":{"line":68,"column":64}},"68":{"start":{"line":69,"column":0},"end":{"line":69,"column":12}},"70":{"start":{"line":71,"column":0},"end":{"line":71,"column":3}},"72":{"start":{"line":73,"column":0},"end":{"line":73,"column":56}},"74":{"start":{"line":75,"column":0},"end":{"line":75,"column":14}},"75":{"start":{"line":76,"column":0},"end":{"line":76,"column":2}}},"s":{"0":1,"1":1,"2":1,"3":1,"4":1,"5":1,"6":1,"7":1,"8":1,"15":1,"16":6,"17":6,"18":6,"19":6,"21":6,"22":6,"23":0,"24":6,"26":6,"27":5,"28":5,"29":5,"30":5,"31":5,"32":5,"33":5,"34":5,"35":5,"36":5,"37":5,"38":5,"39":5,"40":5,"42":5,"43":5,"44":5,"45":5,"46":1,"47":1,"48":1,"49":1,"51":1,"52":1,"53":2,"54":2,"55":2,"56":2,"57":2,"58":2,"59":2,"60":1,"61":1,"62":1,"63":1,"65":4,"67":5,"68":5,"70":5,"72":1,"74":1,"75":1},"branchMap":{"0":{"type":"branch","line":16,"loc":{"start":{"line":16,"column":26},"end":{"line":76,"column":2}},"locations":[{"start":{"line":16,"column":26},"end":{"line":76,"column":2}}]},"1":{"type":"branch","line":23,"loc":{"start":{"line":23,"column":23},"end":{"line":24,"column":59}},"locations":[{"start":{"line":23,"column":23},"end":{"line":24,"column":59}}]},"2":{"type":"branch","line":27,"loc":{"start":{"line":27,"column":46},"end":{"line":71,"column":3}},"locations":[{"start":{"line":27,"column":46},"end":{"line":71,"column":3}}]},"3":{"type":"branch","line":46,"loc":{"start":{"line":46,"column":9},"end":{"line":64,"column":16}},"locations":[{"start":{"line":46,"column":9},"end":{"line":64,"column":16}}]},"4":{"type":"branch","line":64,"loc":{"start":{"line":64,"column":10},"end":{"line":66,"column":72}},"locations":[{"start":{"line":64,"column":10},"end":{"line":66,"column":72}}]},"5":{"type":"branch","line":71,"loc":{"start":{"line":71,"column":2},"end":{"line":76,"column":2}},"locations":[{"start":{"line":71,"column":2},"end":{"line":76,"column":2}}]},"6":{"type":"branch","line":53,"loc":{"start":{"line":53,"column":34},"end":{"line":60,"column":20}},"locations":[{"start":{"line":53,"column":34},"end":{"line":60,"column":20}}]}},"b":{"0":[6],"1":[0],"2":[5],"3":[1],"4":[4],"5":[1],"6":[2]},"fnMap":{"0":{"name":"FileViewer","decl":{"start":{"line":16,"column":26},"end":{"line":76,"column":2}},"loc":{"start":{"line":16,"column":26},"end":{"line":76,"column":2}},"line":16},"1":{"name":"onMouseEnter","decl":{"start":{"line":40,"column":26},"end":{"line":40,"column":53}},"loc":{"start":{"line":40,"column":26},"end":{"line":40,"column":53}},"line":40},"2":{"name":"onMouseLeave","decl":{"start":{"line":41,"column":26},"end":{"line":41,"column":54}},"loc":{"start":{"line":41,"column":26},"end":{"line":41,"column":54}},"line":41}},"f":{"0":6,"1":0,"2":0}}
,"C:\\Users\\teh_z\\OneDrive\\Desktop\\Coding\\Project\\flo-energy\\parse-meter-readings\\src\\pages\\MeterReadingSQL\\components\\FileViewer\\utils\\getNimInterval.ts": {"path":"C:\\Users\\teh_z\\OneDrive\\Desktop\\Coding\\Project\\flo-energy\\parse-meter-readings\\src\\pages\\MeterReadingSQL\\components\\FileViewer\\utils\\getNimInterval.ts","all":false,"statementMap":{"0":{"start":{"line":1,"column":0},"end":{"line":1,"column":37}},"5":{"start":{"line":6,"column":0},"end":{"line":6,"column":65}},"6":{"start":{"line":7,"column":0},"end":{"line":7,"column":54}},"7":{"start":{"line":8,"column":0},"end":{"line":8,"column":80}},"10":{"start":{"line":11,"column":0},"end":{"line":11,"column":44}},"12":{"start":{"line":13,"column":0},"end":{"line":13,"column":65}},"13":{"start":{"line":14,"column":0},"end":{"line":14,"column":33}},"14":{"start":{"line":15,"column":0},"end":{"line":15,"column":29}},"15":{"start":{"line":16,"column":0},"end":{"line":16,"column":1}}},"s":{"0":1,"5":1,"6":6,"7":6,"10":6,"12":6,"13":2,"14":4,"15":6},"branchMap":{"0":{"type":"branch","line":6,"loc":{"start":{"line":6,"column":7},"end":{"line":16,"column":1}},"locations":[{"start":{"line":6,"column":7},"end":{"line":16,"column":1}}]},"1":{"type":"branch","line":11,"loc":{"start":{"line":11,"column":28},"end":{"line":11,"column":44}},"locations":[{"start":{"line":11,"column":28},"end":{"line":11,"column":44}}]},"2":{"type":"branch","line":13,"loc":{"start":{"line":13,"column":9},"end":{"line":13,"column":65}},"locations":[{"start":{"line":13,"column":9},"end":{"line":13,"column":65}}]},"3":{"type":"branch","line":13,"loc":{"start":{"line":13,"column":64},"end":{"line":14,"column":33}},"locations":[{"start":{"line":13,"column":64},"end":{"line":14,"column":33}}]},"4":{"type":"branch","line":14,"loc":{"start":{"line":14,"column":32},"end":{"line":15,"column":29}},"locations":[{"start":{"line":14,"column":32},"end":{"line":15,"column":29}}]},"5":{"type":"branch","line":8,"loc":{"start":{"line":8,"column":39},"end":{"line":8,"column":78}},"locations":[{"start":{"line":8,"column":39},"end":{"line":8,"column":78}}]}},"b":{"0":[6],"1":[3],"2":[2],"3":[2],"4":[4],"5":[7]},"fnMap":{"0":{"name":"getNimInterval","decl":{"start":{"line":6,"column":7},"end":{"line":16,"column":1}},"loc":{"start":{"line":6,"column":7},"end":{"line":16,"column":1}},"line":6}},"f":{"0":6}}
,"C:\\Users\\teh_z\\OneDrive\\Desktop\\Coding\\Project\\flo-energy\\parse-meter-readings\\src\\pages\\MeterReadingSQL\\components\\FileViewer\\utils\\isValidValue.ts": {"path":"C:\\Users\\teh_z\\OneDrive\\Desktop\\Coding\\Project\\flo-energy\\parse-meter-readings\\src\\pages\\MeterReadingSQL\\components\\FileViewer\\utils\\isValidValue.ts","all":false,"statementMap":{"0":{"start":{"line":1,"column":0},"end":{"line":1,"column":49}},"1":{"start":{"line":2,"column":0},"end":{"line":2,"column":63}},"2":{"start":{"line":3,"column":0},"end":{"line":3,"column":2}}},"s":{"0":1,"1":14,"2":14},"branchMap":{"0":{"type":"branch","line":1,"loc":{"start":{"line":1,"column":28},"end":{"line":3,"column":2}},"locations":[{"start":{"line":1,"column":28},"end":{"line":3,"column":2}}]},"1":{"type":"branch","line":2,"loc":{"start":{"line":2,"column":19},"end":{"line":2,"column":43}},"locations":[{"start":{"line":2,"column":19},"end":{"line":2,"column":43}}]},"2":{"type":"branch","line":2,"loc":{"start":{"line":2,"column":35},"end":{"line":2,"column":63}},"locations":[{"start":{"line":2,"column":35},"end":{"line":2,"column":63}}]}},"b":{"0":[14],"1":[13],"2":[12]},"fnMap":{"0":{"name":"isValidValue","decl":{"start":{"line":1,"column":28},"end":{"line":3,"column":2}},"loc":{"start":{"line":1,"column":28},"end":{"line":3,"column":2}},"line":1}},"f":{"0":14}}
,"C:\\Users\\teh_z\\OneDrive\\Desktop\\Coding\\Project\\flo-energy\\parse-meter-readings\\src\\pages\\MeterReadingSQL\\components\\FileViewer\\utils\\removeHiddenRows.ts": {"path":"C:\\Users\\teh_z\\OneDrive\\Desktop\\Coding\\Project\\flo-energy\\parse-meter-readings\\src\\pages\\MeterReadingSQL\\components\\FileViewer\\utils\\removeHiddenRows.ts","all":false,"statementMap":{"0":{"start":{"line":1,"column":0},"end":{"line":1,"column":37}},"2":{"start":{"line":3,"column":0},"end":{"line":3,"column":52}},"3":{"start":{"line":4,"column":0},"end":{"line":4,"column":10}},"4":{"start":{"line":5,"column":0},"end":{"line":5,"column":32}},"5":{"start":{"line":6,"column":0},"end":{"line":6,"column":43}},"6":{"start":{"line":7,"column":0},"end":{"line":7,"column":44}},"8":{"start":{"line":9,"column":0},"end":{"line":9,"column":2}}},"s":{"0":1,"2":1,"3":19,"4":19,"5":18,"6":17,"8":19},"branchMap":{"0":{"type":"branch","line":3,"loc":{"start":{"line":3,"column":32},"end":{"line":9,"column":2}},"locations":[{"start":{"line":3,"column":32},"end":{"line":9,"column":2}}]},"1":{"type":"branch","line":5,"loc":{"start":{"line":5,"column":26},"end":{"line":6,"column":43}},"locations":[{"start":{"line":5,"column":26},"end":{"line":6,"column":43}}]},"2":{"type":"branch","line":6,"loc":{"start":{"line":6,"column":26},"end":{"line":7,"column":44}},"locations":[{"start":{"line":6,"column":26},"end":{"line":7,"column":44}}]}},"b":{"0":[19],"1":[18],"2":[17]},"fnMap":{"0":{"name":"removeHiddenRows","decl":{"start":{"line":3,"column":32},"end":{"line":9,"column":2}},"loc":{"start":{"line":3,"column":32},"end":{"line":9,"column":2}},"line":3}},"f":{"0":19}}
,"C:\\Users\\teh_z\\OneDrive\\Desktop\\Coding\\Project\\flo-energy\\parse-meter-readings\\src\\pages\\MeterReadingSQL\\components\\FileViewer\\utils\\sameRowTypeAsPrev.ts": {"path":"C:\\Users\\teh_z\\OneDrive\\Desktop\\Coding\\Project\\flo-energy\\parse-meter-readings\\src\\pages\\MeterReadingSQL\\components\\FileViewer\\utils\\sameRowTypeAsPrev.ts","all":false,"statementMap":{"0":{"start":{"line":1,"column":0},"end":{"line":1,"column":34}},"1":{"start":{"line":2,"column":0},"end":{"line":2,"column":19}},"2":{"start":{"line":3,"column":0},"end":{"line":3,"column":16}},"3":{"start":{"line":4,"column":0},"end":{"line":4,"column":18}},"4":{"start":{"line":5,"column":0},"end":{"line":5,"column":51}}},"s":{"0":1,"1":6,"2":6,"3":6,"4":6},"branchMap":{"0":{"type":"branch","line":1,"loc":{"start":{"line":1,"column":33},"end":{"line":5,"column":51}},"locations":[{"start":{"line":1,"column":33},"end":{"line":5,"column":51}}]},"1":{"type":"branch","line":5,"loc":{"start":{"line":5,"column":13},"end":{"line":5,"column":51}},"locations":[{"start":{"line":5,"column":13},"end":{"line":5,"column":51}}]}},"b":{"0":[6],"1":[5]},"fnMap":{"0":{"name":"sameRowTypeAsPrev","decl":{"start":{"line":1,"column":33},"end":{"line":5,"column":51}},"loc":{"start":{"line":1,"column":33},"end":{"line":5,"column":51}},"line":1}},"f":{"0":6}}
,"C:\\Users\\teh_z\\OneDrive\\Desktop\\Coding\\Project\\flo-energy\\parse-meter-readings\\src\\pages\\MeterReadingSQL\\components\\SQLGenerator\\index.tsx": {"path":"C:\\Users\\teh_z\\OneDrive\\Desktop\\Coding\\Project\\flo-energy\\parse-meter-readings\\src\\pages\\MeterReadingSQL\\components\\SQLGenerator\\index.tsx","all":false,"statementMap":{"1":{"start":{"line":2,"column":0},"end":{"line":2,"column":33}},"2":{"start":{"line":3,"column":0},"end":{"line":3,"column":60}},"3":{"start":{"line":4,"column":0},"end":{"line":4,"column":50}},"9":{"start":{"line":10,"column":0},"end":{"line":10,"column":59}},"10":{"start":{"line":11,"column":0},"end":{"line":11,"column":25}},"12":{"start":{"line":13,"column":0},"end":{"line":13,"column":45}},"14":{"start":{"line":15,"column":0},"end":{"line":15,"column":35}},"15":{"start":{"line":16,"column":0},"end":{"line":16,"column":44}},"16":{"start":{"line":17,"column":0},"end":{"line":17,"column":27}},"17":{"start":{"line":18,"column":0},"end":{"line":18,"column":4}},"19":{"start":{"line":20,"column":0},"end":{"line":20,"column":33}},"20":{"start":{"line":21,"column":0},"end":{"line":21,"column":25}},"21":{"start":{"line":22,"column":0},"end":{"line":22,"column":4}},"23":{"start":{"line":24,"column":0},"end":{"line":24,"column":28}},"24":{"start":{"line":25,"column":0},"end":{"line":25,"column":39}},"25":{"start":{"line":26,"column":0},"end":{"line":26,"column":4}},"27":{"start":{"line":28,"column":0},"end":{"line":28,"column":29}},"28":{"start":{"line":29,"column":0},"end":{"line":29,"column":15}},"29":{"start":{"line":30,"column":0},"end":{"line":30,"column":4}},"31":{"start":{"line":32,"column":0},"end":{"line":32,"column":10}},"32":{"start":{"line":33,"column":0},"end":{"line":33,"column":26}},"33":{"start":{"line":34,"column":0},"end":{"line":34,"column":35}},"34":{"start":{"line":35,"column":0},"end":{"line":35,"column":15}},"35":{"start":{"line":36,"column":0},"end":{"line":36,"column":37}},"36":{"start":{"line":37,"column":0},"end":{"line":37,"column":103}},"37":{"start":{"line":38,"column":0},"end":{"line":38,"column":9}},"39":{"start":{"line":40,"column":0},"end":{"line":40,"column":17}},"40":{"start":{"line":41,"column":0},"end":{"line":41,"column":15}},"41":{"start":{"line":42,"column":0},"end":{"line":42,"column":35}},"42":{"start":{"line":43,"column":0},"end":{"line":43,"column":103}},"43":{"start":{"line":44,"column":0},"end":{"line":44,"column":9}},"45":{"start":{"line":46,"column":0},"end":{"line":46,"column":17}},"46":{"start":{"line":47,"column":0},"end":{"line":47,"column":12}},"48":{"start":{"line":49,"column":0},"end":{"line":49,"column":15}},"49":{"start":{"line":50,"column":0},"end":{"line":50,"column":10}},"50":{"start":{"line":51,"column":0},"end":{"line":51,"column":58}},"51":{"start":{"line":52,"column":0},"end":{"line":52,"column":50}},"52":{"start":{"line":53,"column":0},"end":{"line":53,"column":19}},"53":{"start":{"line":54,"column":0},"end":{"line":54,"column":34}},"54":{"start":{"line":55,"column":0},"end":{"line":55,"column":102}},"55":{"start":{"line":56,"column":0},"end":{"line":56,"column":13}},"57":{"start":{"line":58,"column":0},"end":{"line":58,"column":21}},"58":{"start":{"line":59,"column":0},"end":{"line":59,"column":19}},"59":{"start":{"line":60,"column":0},"end":{"line":60,"column":35}},"60":{"start":{"line":61,"column":0},"end":{"line":61,"column":102}},"61":{"start":{"line":62,"column":0},"end":{"line":62,"column":13}},"63":{"start":{"line":64,"column":0},"end":{"line":64,"column":21}},"64":{"start":{"line":65,"column":0},"end":{"line":65,"column":16}},"65":{"start":{"line":66,"column":0},"end":{"line":66,"column":97}},"66":{"start":{"line":67,"column":0},"end":{"line":67,"column":17}},"67":{"start":{"line":68,"column":0},"end":{"line":68,"column":32}},"68":{"start":{"line":69,"column":0},"end":{"line":69,"column":18}},"69":{"start":{"line":70,"column":0},"end":{"line":70,"column":16}},"70":{"start":{"line":71,"column":0},"end":{"line":71,"column":11}},"72":{"start":{"line":73,"column":0},"end":{"line":73,"column":10}},"74":{"start":{"line":75,"column":0},"end":{"line":75,"column":2}}},"s":{"1":1,"2":1,"3":1,"9":1,"10":14,"12":14,"14":14,"15":3,"16":3,"17":3,"19":14,"20":1,"21":1,"23":14,"24":1,"25":1,"27":14,"28":1,"29":1,"31":14,"32":14,"33":14,"34":14,"35":14,"36":14,"37":14,"39":14,"40":14,"41":14,"42":14,"43":14,"45":14,"46":14,"48":14,"49":3,"50":3,"51":3,"52":3,"53":3,"54":3,"55":3,"57":3,"58":3,"59":3,"60":3,"61":3,"63":3,"64":3,"65":3,"66":3,"67":3,"68":3,"69":3,"70":3,"72":14,"74":14},"branchMap":{"0":{"type":"branch","line":10,"loc":{"start":{"line":10,"column":28},"end":{"line":75,"column":2}},"locations":[{"start":{"line":10,"column":28},"end":{"line":75,"column":2}}]},"1":{"type":"branch","line":49,"loc":{"start":{"line":49,"column":7},"end":{"line":71,"column":11}},"locations":[{"start":{"line":49,"column":7},"end":{"line":71,"column":11}}]},"2":{"type":"branch","line":15,"loc":{"start":{"line":15,"column":28},"end":{"line":18,"column":4}},"locations":[{"start":{"line":15,"column":28},"end":{"line":18,"column":4}}]},"3":{"type":"branch","line":20,"loc":{"start":{"line":20,"column":26},"end":{"line":22,"column":4}},"locations":[{"start":{"line":20,"column":26},"end":{"line":22,"column":4}}]},"4":{"type":"branch","line":24,"loc":{"start":{"line":24,"column":21},"end":{"line":26,"column":4}},"locations":[{"start":{"line":24,"column":21},"end":{"line":26,"column":4}}]},"5":{"type":"branch","line":28,"loc":{"start":{"line":28,"column":22},"end":{"line":30,"column":4}},"locations":[{"start":{"line":28,"column":22},"end":{"line":30,"column":4}}]}},"b":{"0":[14],"1":[3],"2":[3],"3":[1],"4":[1],"5":[1]},"fnMap":{"0":{"name":"SQLGenerator","decl":{"start":{"line":10,"column":28},"end":{"line":75,"column":2}},"loc":{"start":{"line":10,"column":28},"end":{"line":75,"column":2}},"line":10},"1":{"name":"handleGenerateSQL","decl":{"start":{"line":15,"column":28},"end":{"line":18,"column":4}},"loc":{"start":{"line":15,"column":28},"end":{"line":18,"column":4}},"line":15},"2":{"name":"handleExportSQL","decl":{"start":{"line":20,"column":26},"end":{"line":22,"column":4}},"loc":{"start":{"line":20,"column":26},"end":{"line":22,"column":4}},"line":20},"3":{"name":"handleCopy","decl":{"start":{"line":24,"column":21},"end":{"line":26,"column":4}},"loc":{"start":{"line":24,"column":21},"end":{"line":26,"column":4}},"line":24},"4":{"name":"handleClear","decl":{"start":{"line":28,"column":22},"end":{"line":30,"column":4}},"loc":{"start":{"line":28,"column":22},"end":{"line":30,"column":4}},"line":28}},"f":{"0":14,"1":3,"2":1,"3":1,"4":1}}
,"C:\\Users\\teh_z\\OneDrive\\Desktop\\Coding\\Project\\flo-energy\\parse-meter-readings\\src\\pages\\MeterReadingSQL\\components\\SQLGenerator\\utils\\download.ts": {"path":"C:\\Users\\teh_z\\OneDrive\\Desktop\\Coding\\Project\\flo-energy\\parse-meter-readings\\src\\pages\\MeterReadingSQL\\components\\SQLGenerator\\utils\\download.ts","all":false,"statementMap":{"1":{"start":{"line":2,"column":0},"end":{"line":2,"column":54}},"3":{"start":{"line":4,"column":0},"end":{"line":4,"column":47}},"4":{"start":{"line":5,"column":0},"end":{"line":5,"column":42}},"5":{"start":{"line":6,"column":0},"end":{"line":6,"column":36}},"6":{"start":{"line":7,"column":0},"end":{"line":7,"column":62}},"7":{"start":{"line":8,"column":0},"end":{"line":8,"column":47}},"8":{"start":{"line":9,"column":0},"end":{"line":9,"column":43}},"9":{"start":{"line":10,"column":0},"end":{"line":10,"column":18}},"10":{"start":{"line":11,"column":0},"end":{"line":11,"column":39}},"11":{"start":{"line":12,"column":0},"end":{"line":12,"column":34}},"12":{"start":{"line":13,"column":0},"end":{"line":13,"column":15}},"13":{"start":{"line":14,"column":0},"end":{"line":14,"column":34}},"14":{"start":{"line":15,"column":0},"end":{"line":15,"column":34}},"15":{"start":{"line":16,"column":0},"end":{"line":16,"column":1}}},"s":{"1":1,"3":1,"4":0,"5":0,"6":0,"7":0,"8":0,"9":0,"10":0,"11":0,"12":0,"13":0,"14":0,"15":0},"branchMap":{},"b":{},"fnMap":{"0":{"name":"handleDownload","decl":{"start":{"line":4,"column":7},"end":{"line":16,"column":1}},"loc":{"start":{"line":4,"column":7},"end":{"line":16,"column":1}},"line":4}},"f":{"0":0}}
,"C:\\Users\\teh_z\\OneDrive\\Desktop\\Coding\\Project\\flo-energy\\parse-meter-readings\\src\\pages\\MeterReadingSQL\\components\\SQLGenerator\\utils\\generateSQLNem12.ts": {"path":"C:\\Users\\teh_z\\OneDrive\\Desktop\\Coding\\Project\\flo-energy\\parse-meter-readings\\src\\pages\\MeterReadingSQL\\components\\SQLGenerator\\utils\\generateSQLNem12.ts","all":false,"statementMap":{"3":{"start":{"line":4,"column":0},"end":{"line":4,"column":40}},"4":{"start":{"line":5,"column":0},"end":{"line":5,"column":59}},"6":{"start":{"line":7,"column":0},"end":{"line":7,"column":34}},"7":{"start":{"line":8,"column":0},"end":{"line":8,"column":63}},"8":{"start":{"line":9,"column":0},"end":{"line":9,"column":34}},"10":{"start":{"line":11,"column":0},"end":{"line":11,"column":44}},"11":{"start":{"line":12,"column":0},"end":{"line":12,"column":2}},"13":{"start":{"line":14,"column":0},"end":{"line":14,"column":62}},"14":{"start":{"line":15,"column":0},"end":{"line":15,"column":46}},"16":{"start":{"line":17,"column":0},"end":{"line":17,"column":22}},"17":{"start":{"line":18,"column":0},"end":{"line":18,"column":22}},"18":{"start":{"line":19,"column":0},"end":{"line":19,"column":37}},"20":{"start":{"line":21,"column":0},"end":{"line":21,"column":27}},"21":{"start":{"line":22,"column":0},"end":{"line":22,"column":27}},"23":{"start":{"line":24,"column":0},"end":{"line":24,"column":28}},"24":{"start":{"line":25,"column":0},"end":{"line":25,"column":26}},"26":{"start":{"line":27,"column":0},"end":{"line":27,"column":80}},"27":{"start":{"line":28,"column":0},"end":{"line":28,"column":51}},"28":{"start":{"line":29,"column":0},"end":{"line":29,"column":51}},"29":{"start":{"line":30,"column":0},"end":{"line":30,"column":5}},"31":{"start":{"line":32,"column":0},"end":{"line":32,"column":42}},"32":{"start":{"line":33,"column":0},"end":{"line":33,"column":47}},"33":{"start":{"line":34,"column":0},"end":{"line":34,"column":32}},"34":{"start":{"line":35,"column":0},"end":{"line":35,"column":38}},"35":{"start":{"line":36,"column":0},"end":{"line":36,"column":42}},"36":{"start":{"line":37,"column":0},"end":{"line":37,"column":37}},"37":{"start":{"line":38,"column":0},"end":{"line":38,"column":8}},"38":{"start":{"line":39,"column":0},"end":{"line":39,"column":49}},"40":{"start":{"line":41,"column":0},"end":{"line":41,"column":48}},"42":{"start":{"line":43,"column":0},"end":{"line":43,"column":43}},"44":{"start":{"line":45,"column":0},"end":{"line":45,"column":40}},"45":{"start":{"line":46,"column":0},"end":{"line":46,"column":33}},"46":{"start":{"line":47,"column":0},"end":{"line":47,"column":57}},"47":{"start":{"line":48,"column":0},"end":{"line":48,"column":36}},"48":{"start":{"line":49,"column":0},"end":{"line":49,"column":39}},"49":{"start":{"line":50,"column":0},"end":{"line":50,"column":39}},"50":{"start":{"line":51,"column":0},"end":{"line":51,"column":16}},"51":{"start":{"line":52,"column":0},"end":{"line":52,"column":43}},"52":{"start":{"line":53,"column":0},"end":{"line":53,"column":9}},"53":{"start":{"line":54,"column":0},"end":{"line":54,"column":7}},"54":{"start":{"line":55,"column":0},"end":{"line":55,"column":5}},"55":{"start":{"line":56,"column":0},"end":{"line":56,"column":3}},"56":{"start":{"line":57,"column":0},"end":{"line":57,"column":40}},"58":{"start":{"line":59,"column":0},"end":{"line":59,"column":40}},"59":{"start":{"line":60,"column":0},"end":{"line":60,"column":44}},"61":{"start":{"line":62,"column":0},"end":{"line":62,"column":58}},"62":{"start":{"line":63,"column":0},"end":{"line":63,"column":26}},"63":{"start":{"line":64,"column":0},"end":{"line":64,"column":120}},"64":{"start":{"line":65,"column":0},"end":{"line":65,"column":9}},"65":{"start":{"line":66,"column":0},"end":{"line":66,"column":11}},"66":{"start":{"line":67,"column":0},"end":{"line":67,"column":6}},"67":{"start":{"line":68,"column":0},"end":{"line":68,"column":3}},"69":{"start":{"line":70,"column":0},"end":{"line":70,"column":26}},"70":{"start":{"line":71,"column":0},"end":{"line":71,"column":1}}},"s":{"3":1,"4":12,"6":12,"7":12,"8":12,"10":12,"11":12,"13":1,"14":13,"16":13,"17":13,"18":13,"20":13,"21":25,"23":25,"24":12,"26":12,"27":12,"28":12,"29":12,"31":25,"32":12,"33":12,"34":12,"35":12,"36":12,"37":12,"38":12,"40":12,"42":12,"44":12,"45":624,"46":624,"47":86,"48":624,"49":12,"50":624,"51":74,"52":74,"53":624,"54":12,"55":25,"56":13,"58":13,"59":12,"61":12,"62":12,"63":12,"64":12,"65":12,"66":12,"67":12,"69":13,"70":13},"branchMap":{"0":{"type":"branch","line":4,"loc":{"start":{"line":4,"column":23},"end":{"line":12,"column":2}},"locations":[{"start":{"line":4,"column":23},"end":{"line":12,"column":2}}]},"1":{"type":"branch","line":5,"loc":{"start":{"line":5,"column":14},"end":{"line":5,"column":59}},"locations":[{"start":{"line":5,"column":14},"end":{"line":5,"column":59}}]},"2":{"type":"branch","line":14,"loc":{"start":{"line":14,"column":7},"end":{"line":71,"column":1}},"locations":[{"start":{"line":14,"column":7},"end":{"line":71,"column":1}}]},"3":{"type":"branch","line":21,"loc":{"start":{"line":21,"column":26},"end":{"line":56,"column":3}},"locations":[{"start":{"line":21,"column":26},"end":{"line":56,"column":3}}]},"4":{"type":"branch","line":24,"loc":{"start":{"line":24,"column":27},"end":{"line":30,"column":5}},"locations":[{"start":{"line":24,"column":27},"end":{"line":30,"column":5}}]},"5":{"type":"branch","line":29,"loc":{"start":{"line":29,"column":35},"end":{"line":29,"column":44}},"locations":[{"start":{"line":29,"column":35},"end":{"line":29,"column":44}}]},"6":{"type":"branch","line":29,"loc":{"start":{"line":29,"column":39},"end":{"line":29,"column":51}},"locations":[{"start":{"line":29,"column":39},"end":{"line":29,"column":51}}]},"7":{"type":"branch","line":32,"loc":{"start":{"line":32,"column":20},"end":{"line":32,"column":41}},"locations":[{"start":{"line":32,"column":20},"end":{"line":32,"column":41}}]},"8":{"type":"branch","line":32,"loc":{"start":{"line":32,"column":41},"end":{"line":55,"column":5}},"locations":[{"start":{"line":32,"column":41},"end":{"line":55,"column":5}}]},"9":{"type":"branch","line":45,"loc":{"start":{"line":45,"column":39},"end":{"line":54,"column":7}},"locations":[{"start":{"line":45,"column":39},"end":{"line":54,"column":7}}]},"10":{"type":"branch","line":47,"loc":{"start":{"line":47,"column":13},"end":{"line":47,"column":48}},"locations":[{"start":{"line":47,"column":13},"end":{"line":47,"column":48}}]},"11":{"type":"branch","line":47,"loc":{"start":{"line":47,"column":48},"end":{"line":47,"column":57}},"locations":[{"start":{"line":47,"column":48},"end":{"line":47,"column":57}}]},"12":{"type":"branch","line":47,"loc":{"start":{"line":47,"column":48},"end":{"line":49,"column":38}},"locations":[{"start":{"line":47,"column":48},"end":{"line":49,"column":38}}]},"13":{"type":"branch","line":49,"loc":{"start":{"line":49,"column":38},"end":{"line":51,"column":15}},"locations":[{"start":{"line":49,"column":38},"end":{"line":51,"column":15}}]},"14":{"type":"branch","line":51,"loc":{"start":{"line":51,"column":8},"end":{"line":53,"column":9}},"locations":[{"start":{"line":51,"column":8},"end":{"line":53,"column":9}}]},"15":{"type":"branch","line":59,"loc":{"start":{"line":59,"column":39},"end":{"line":68,"column":3}},"locations":[{"start":{"line":59,"column":39},"end":{"line":68,"column":3}}]},"16":{"type":"branch","line":62,"loc":{"start":{"line":62,"column":38},"end":{"line":62,"column":55}},"locations":[{"start":{"line":62,"column":38},"end":{"line":62,"column":55}}]}},"b":{"0":[12],"1":[24],"2":[13],"3":[25],"4":[12],"5":[1],"6":[11],"7":[13],"8":[12],"9":[624],"10":[88],"11":[538],"12":[86],"13":[12],"14":[74],"15":[12],"16":[86]},"fnMap":{"0":{"name":"toSQLTimestamp","decl":{"start":{"line":4,"column":23},"end":{"line":12,"column":2}},"loc":{"start":{"line":4,"column":23},"end":{"line":12,"column":2}},"line":4},"1":{"name":"pad","decl":{"start":{"line":5,"column":14},"end":{"line":5,"column":59}},"loc":{"start":{"line":5,"column":14},"end":{"line":5,"column":59}},"line":5},"2":{"name":"generateSQLNem12","decl":{"start":{"line":14,"column":7},"end":{"line":71,"column":1}},"loc":{"start":{"line":14,"column":7},"end":{"line":71,"column":1}},"line":14}},"f":{"0":12,"1":24,"2":13}}
,"C:\\Users\\teh_z\\OneDrive\\Desktop\\Coding\\Project\\flo-energy\\parse-meter-readings\\src\\routes\\index.tsx": {"path":"C:\\Users\\teh_z\\OneDrive\\Desktop\\Coding\\Project\\flo-energy\\parse-meter-readings\\src\\routes\\index.tsx","all":true,"statementMap":{"0":{"start":{"line":1,"column":0},"end":{"line":1,"column":58}},"1":{"start":{"line":2,"column":0},"end":{"line":2,"column":44}},"3":{"start":{"line":4,"column":0},"end":{"line":4,"column":23}},"4":{"start":{"line":5,"column":0},"end":{"line":5,"column":3}},"5":{"start":{"line":6,"column":0},"end":{"line":6,"column":17}},"6":{"start":{"line":7,"column":0},"end":{"line":7,"column":24}},"7":{"start":{"line":8,"column":0},"end":{"line":8,"column":26}},"8":{"start":{"line":9,"column":0},"end":{"line":9,"column":4}},"9":{"start":{"line":10,"column":0},"end":{"line":10,"column":3}},"10":{"start":{"line":11,"column":0},"end":{"line":11,"column":31}},"11":{"start":{"line":12,"column":0},"end":{"line":12,"column":29}},"12":{"start":{"line":13,"column":0},"end":{"line":13,"column":33}},"13":{"start":{"line":14,"column":0},"end":{"line":14,"column":4}},"14":{"start":{"line":15,"column":0},"end":{"line":15,"column":2}}},"s":{"0":0,"1":0,"3":0,"4":0,"5":0,"6":0,"7":0,"8":0,"9":0,"10":0,"11":0,"12":0,"13":0,"14":0},"branchMap":{"0":{"type":"branch","line":1,"loc":{"start":{"line":1,"column":329},"end":{"line":15,"column":2}},"locations":[{"start":{"line":1,"column":329},"end":{"line":15,"column":2}}]}},"b":{"0":[0]},"fnMap":{"0":{"name":"(empty-report)","decl":{"start":{"line":1,"column":329},"end":{"line":15,"column":2}},"loc":{"start":{"line":1,"column":329},"end":{"line":15,"column":2}},"line":1}},"f":{"0":0}}
,"C:\\Users\\teh_z\\OneDrive\\Desktop\\Coding\\Project\\flo-energy\\parse-meter-readings\\src\\types\\index.ts": {"path":"C:\\Users\\teh_z\\OneDrive\\Desktop\\Coding\\Project\\flo-energy\\parse-meter-readings\\src\\types\\index.ts","all":false,"statementMap":{"0":{"start":{"line":1,"column":0},"end":{"line":1,"column":39}},"1":{"start":{"line":2,"column":0},"end":{"line":2,"column":18}},"2":{"start":{"line":3,"column":0},"end":{"line":3,"column":18}},"11":{"start":{"line":12,"column":0},"end":{"line":12,"column":30}},"12":{"start":{"line":13,"column":0},"end":{"line":13,"column":17}},"13":{"start":{"line":14,"column":0},"end":{"line":14,"column":19}},"14":{"start":{"line":15,"column":0},"end":{"line":15,"column":24}},"15":{"start":{"line":16,"column":0},"end":{"line":16,"column":25}},"16":{"start":{"line":17,"column":0},"end":{"line":17,"column":29}},"17":{"start":{"line":18,"column":0},"end":{"line":18,"column":14}}},"s":{"0":1,"1":1,"2":1,"11":1,"12":1,"13":1,"14":1,"15":1,"16":1,"17":1},"branchMap":{"0":{"type":"branch","line":1,"loc":{"start":{"line":1,"column":7},"end":{"line":1,"column":39}},"locations":[{"start":{"line":1,"column":7},"end":{"line":1,"column":39}}]},"1":{"type":"branch","line":12,"loc":{"start":{"line":12,"column":7},"end":{"line":12,"column":30}},"locations":[{"start":{"line":12,"column":7},"end":{"line":12,"column":30}}]}},"b":{"0":[7],"1":[7]},"fnMap":{},"f":{}}
}
